<?xml version="1.0"?>
<testsuite name="PhantomJS 2.1.1 (Mac OS X 0.0.0)" package="" timestamp="2019-03-19T17:45:39" id="0" hostname="Michaels-MacBook-Pro-2.local" tests="1" errors="0" failures="0" time="0.002">
  <properties>
    <property name="browser.fullName" value="Mozilla/5.0 (Macintosh; Intel Mac OS X) AppleWebKit/538.1 (KHTML, like Gecko) PhantomJS/2.1.1 Safari/538.1"/>
  </properties>
  <testcase name="initial test does a thing" time="0.002" classname="PhantomJS_2_1_1_(Mac_OS_X_0_0_0).initial test"/>
  <system-out>
    <![CDATA[PhantomJS 2.1.1 (Mac OS X 0.0.0) ERROR: 'DEPRECATION:', 'Setting specFilter directly on Env is deprecated, please use the specFilter option in `configure`'

]]>
  </system-out>
  <system-err/>
</testsuite>